#
# A fatal error has been detected by the Java Runtime Environment:
#
#  EXCEPTION_ACCESS_VIOLATION (0xc0000005) at pc=0x00007ff994bd0184, pid=4712, tid=11072
#
# JRE version: OpenJDK Runtime Environment (22.0.1+8) (build 22.0.1+8-16)
# Java VM: OpenJDK 64-Bit Server VM (22.0.1+8-16, mixed mode, sharing, tiered, compressed oops, compressed class ptrs, g1 gc, windows-amd64)
# Problematic frame:
# V  [jvm.dll+0x170184]
#
# No core dump will be written. Minidumps are not enabled by default on client versions of Windows
#
# If you would like to submit a bug report, please visit:
#   https://bugreport.java.com/bugreport/crash.jsp
#

---------------  S U M M A R Y ------------

Command Line: -javaagent:C:\Program Files\JetBrains\IntelliJ IDEA Community Edition 2024.1.4\lib\idea_rt.jar=49964:C:\Program Files\JetBrains\IntelliJ IDEA Community Edition 2024.1.4\bin -Dfile.encoding=UTF-8 -Dsun.stdout.encoding=UTF-8 -Dsun.stderr.encoding=UTF-8 com.sakshi.springcoredemo.SpringcoredemoApplication

Host: Intel(R) Core(TM) i5-6300U CPU @ 2.40GHz, 4 cores, 19G,  Windows 10 , 64 bit Build 19041 (10.0.19041.3570)
Time: Mon Jul 15 11:40:26 2024 India Standard Time elapsed time: 2.921689 seconds (0d 0h 0m 2s)

---------------  T H R E A D  ---------------

Current thread (0x0000027777e48a00):  JavaThread "C1 CompilerThread0" daemon [_thread_in_native, id=11072, stack(0x0000008228a00000,0x0000008228b00000) (1024K)]


Current CompileTask:
C1:2921 2363   !   3       sun.reflect.annotation.AnnotationParser::parseAnnotation2 (275 bytes)

Stack: [0x0000008228a00000,0x0000008228b00000],  sp=0x0000008228afe270,  free space=1016k
Native frames: (J=compiled Java code, j=interpreted, Vv=VM code, C=native code)
V  [jvm.dll+0x170184]  (no source info available)
V  [jvm.dll+0x16ffbb]  (no source info available)
V  [jvm.dll+0x153ba9]  (no source info available)
V  [jvm.dll+0x15365d]  (no source info available)
V  [jvm.dll+0x1538a0]  (no source info available)
V  [jvm.dll+0x152c1d]  (no source info available)
V  [jvm.dll+0x154add]  (no source info available)
V  [jvm.dll+0x2569fe]  (no source info available)
V  [jvm.dll+0x254cba]  (no source info available)
V  [jvm.dll+0x3f5336]  (no source info available)
V  [jvm.dll+0x81d44b]  (no source info available)
V  [jvm.dll+0x6e0915]  (no source info available)
C  [ucrtbase.dll+0x21bb2]  (no source info available)
C  [KERNEL32.DLL+0x17344]  (no source info available)
C  [ntdll.dll+0x526b1]  (no source info available)


siginfo: EXCEPTION_ACCESS_VIOLATION (0xc0000005), reading address 0xffffffffffffffff


Registers:
RAX=0x00087ff995422298, RBX=0x0000008228afe310, RCX=0x0000027745220088, RDX=0x0000008228afe310
RSP=0x0000008228afe270, RBP=0x0000000000000022, RSI=0x0000027745220088, RDI=0x000000000000001b
R8 =0x0000000000000001, R9 =0x0000027777e4b5b8, R10=0x0000027767b969c4, R11=0x0000008228afe710
R12=0x0000000000000007, R13=0x000002774521fff0, R14=0x0000027745a67060, R15=0x0000000000000001
RIP=0x00007ff994bd0184, EFLAGS=0x0000000000010246


Register to memory mapping:

RAX=0x00087ff995422298 is an unknown value
RBX=0x0000008228afe310 is pointing into the stack for thread: 0x0000027777e48a00
RCX=0x0000027745220088 points into unknown readable memory: 0x00087ff995422298 | 98 22 42 95 f9 7f 08 00
RDX=0x0000008228afe310 is pointing into the stack for thread: 0x0000027777e48a00
RSP=0x0000008228afe270 is pointing into the stack for thread: 0x0000027777e48a00
RBP=0x0000000000000022 is an unknown value
RSI=0x0000027745220088 points into unknown readable memory: 0x00087ff995422298 | 98 22 42 95 f9 7f 08 00
RDI=0x000000000000001b is an unknown value
R8 =0x0000000000000001 is an unknown value
R9 =0x0000027777e4b5b8 points into unknown readable memory: 0x00004e7900005111 | 11 51 00 00 79 4e 00 00
R10=0x0000027767b969c4 is at code_begin+5188 in 
[CodeBlob (0x0000027767b95510)]
Framesize: 0
BufferBlob (0x0000027767b95510) used for C1 temporary CodeBuffer
R11=0x0000008228afe710 is pointing into the stack for thread: 0x0000027777e48a00
R12=0x0000000000000007 is an unknown value
R13=0x000002774521fff0 points into unknown readable memory: 0x0000000800000007 | 07 00 00 00 08 00 00 00
R14=0x0000027745a67060 points into unknown readable memory: 0x0000002400000022 | 22 00 00 00 24 00 00 00
R15=0x0000000000000001 is an unknown value

Top of Stack: (sp=0x0000008228afe270)
0x0000008228afe270:   000002774521ff90 0000008228afe310
0x0000008228afe280:   0000008228afe310 0000008228afe310
0x0000008228afe290:   0000000000000000 0000027745a67060
0x0000008228afe2a0:   0000008228afedb0 0000027777df3fd0
0x0000008228afe2b0:   0000008228afe310 00007ff994bcffbb
0x0000008228afe2c0:   0000000000000022 0000027777e4b4b0
0x0000008228afe2d0:   000000000000001b 0000000000000000
0x0000008228afe2e0:   00007ff99563aa10 00007ff994bb3ba9
0x0000008228afe2f0:   00000277457a4ef0 0000008228afe710
0x0000008228afe300:   0000008228afe630 0000000000000000
0x0000008228afe310:   00000277457a4ef0 00000277457a4f20
0x0000008228afe320:   0000008228afe630 0000027745b31708
0x0000008228afe330:   0000000000000000 0000000000000000
0x0000008228afe340:   0000000000000000 00000277ffffffff
0x0000008228afe350:   0000000000000000 0000000000000000
0x0000008228afe360:   0000000000000000 0000000000000000
0x0000008228afe370:   00007ad9c9aa8dae 0000008228afe630
0x0000008228afe380:   0000008228afe630 00007ff994bb365d
0x0000008228afe390:   0000027745ab2bd0 0000027745b31708
0x0000008228afe3a0:   0000000000000000 0000027745ab2bd0
0x0000008228afe3b0:   0000027777e4a100 0000000000000640
0x0000008228afe3c0:   0000000000000000 0000000000000000
0x0000008228afe3d0:   0000000000000000 00007ff994cf5100
0x0000008228afe3e0:   0000008228afe650 00007ff995419920
0x0000008228afe3f0:   0000000000000000 0000000000000000
0x0000008228afe400:   000000000000000b 00000000000003d8
0x0000008228afe410:   00000000000003d8 00007ff994bb38a0
0x0000008228afe420:   0000008228afe630 0000008228afe650
0x0000008228afe430:   0000027745ab2bd0 0000000700000038
0x0000008228afe440:   0000000000000000 00000000ffffffff
0x0000008228afe450:   0000000000000000 0000027777e4a110
0x0000008228afe460:   0000000000000010 0000008228afe6d0 

Instructions: (pc=0x00007ff994bd0184)
0x00007ff994bd0084:   48 8b 04 07 83 78 18 ff 75 36 48 8b 50 10 48 85
0x00007ff994bd0094:   d2 74 20 83 3a 01 7e 1b 49 8b 0f 4c 8b 41 08 41
0x00007ff994bd00a4:   8b 48 10 41 2b 08 89 48 18 49 8b cf e8 4b 00 00
0x00007ff994bd00b4:   00 eb 0d 48 8b 48 08 8b 91 00 01 00 00 89 50 18
0x00007ff994bd00c4:   ff c3 48 83 c7 08 3b 1e 7c b2 ff c5 49 83 c6 08
0x00007ff994bd00d4:   41 3b 6d 00 7c 86 4c 8b 74 24 58 48 8b 7c 24 50
0x00007ff994bd00e4:   48 8b 74 24 48 48 8b 5c 24 40 48 83 c4 20 41 5f
0x00007ff994bd00f4:   41 5d 5d c3 cc cc cc cc cc cc cc cc 40 53 41 54
0x00007ff994bd0104:   41 55 48 83 ec 30 4c 8b ea 48 8b d9 e8 db a6 e9
0x00007ff994bd0114:   ff 4d 63 65 00 4d 85 e4 0f 8e 36 01 00 00 48 89
0x00007ff994bd0124:   74 24 58 4c 89 7c 24 20 45 33 ff 48 89 6c 24 50
0x00007ff994bd0134:   48 89 7c 24 60 4c 89 74 24 28 66 90 49 8b 45 08
0x00007ff994bd0144:   4a 8b 34 f8 48 8b 03 48 8b 48 08 8b 41 18 2b 41
0x00007ff994bd0154:   10 3d 00 08 00 00 7d 10 48 8b 4b 10 48 8d 15 69
0x00007ff994bd0164:   16 85 00 e8 44 2e fe ff 48 8b 43 10 48 83 78 70
0x00007ff994bd0174:   00 0f 85 c4 00 00 00 48 8b 06 48 8b d3 48 8b ce
0x00007ff994bd0184:   ff 50 10 48 8b 4b 10 e8 e0 38 fe ff 80 78 08 00
0x00007ff994bd0194:   0f 84 99 00 00 00 48 8b 76 28 48 85 f6 0f 84 8c
0x00007ff994bd01a4:   00 00 00 48 8b 03 48 8b 48 08 8b 79 10 2b 39 48
0x00007ff994bd01b4:   39 73 28 74 77 48 8b 06 48 8b ce ff 90 b8 00 00
0x00007ff994bd01c4:   00 48 85 c0 74 06 48 8b 68 60 eb 04 48 8b 6e 40
0x00007ff994bd01d4:   48 85 ed 74 5a 4c 8b 73 28 4d 85 f6 74 35 49 8b
0x00007ff994bd01e4:   06 49 8b ce ff 90 b8 00 00 00 48 85 c0 74 06 48
0x00007ff994bd01f4:   8b 40 60 eb 04 49 8b 46 40 48 3b c5 74 2e 39 7b
0x00007ff994bd0204:   30 7d 08 48 8b cb e8 b1 0e 00 00 48 c7 43 28 00
0x00007ff994bd0214:   00 00 00 48 8b 4b 10 e8 50 38 fe ff 48 8b c8 e8
0x00007ff994bd0224:   e8 09 00 00 3b f8 7e 07 48 89 73 28 89 7b 30 49
0x00007ff994bd0234:   ff c7 4d 3b fc 0f 8c 01 ff ff ff 4c 8b 74 24 28
0x00007ff994bd0244:   48 8b 7c 24 60 48 8b 6c 24 50 48 8b 74 24 58 4c
0x00007ff994bd0254:   8b 7c 24 20 48 83 c4 30 41 5d 41 5c 5b c3 cc cc
0x00007ff994bd0264:   cc cc cc cc cc cc cc cc cc cc cc cc 40 56 48 83
0x00007ff994bd0274:   ec 20 0f b7 42 10 48 8b f1 83 c0 fe 83 f8 0f 0f 


Stack slot to memory mapping:

stack at sp + 0 slots: 0x000002774521ff90 points into unknown readable memory: 0x00007ff995421570 | 70 15 42 95 f9 7f 00 00
stack at sp + 1 slots: 0x0000008228afe310 is pointing into the stack for thread: 0x0000027777e48a00
stack at sp + 2 slots: 0x0000008228afe310 is pointing into the stack for thread: 0x0000027777e48a00
stack at sp + 3 slots: 0x0000008228afe310 is pointing into the stack for thread: 0x0000027777e48a00
stack at sp + 4 slots: 0x0 is null
stack at sp + 5 slots: 0x0000027745a67060 points into unknown readable memory: 0x0000002400000022 | 22 00 00 00 24 00 00 00
stack at sp + 6 slots: 0x0000008228afedb0 is pointing into the stack for thread: 0x0000027777e48a00
stack at sp + 7 slots: 0x0000027777df3fd0 points into unknown readable memory: 0x00007ff99541a050 | 50 a0 41 95 f9 7f 00 00


---------------  P R O C E S S  ---------------

Threads class SMR info:
_java_thread_list=0x0000027746752800, length=15, elements={
0x000002775828ab70, 0x0000027777e1c250, 0x0000027777e1e020, 0x0000027777e1f840,
0x0000027777e222b0, 0x0000027777e23810, 0x0000027777e24270, 0x0000027777e25000,
0x0000027777e48a00, 0x0000027777de2ed0, 0x00000277453d8820, 0x0000027745477300,
0x000002774566fef0, 0x000002774603bbd0, 0x0000027746032420
}

Java Threads: ( => current thread )
  0x000002775828ab70 JavaThread "main"                              [_thread_blocked, id=11048, stack(0x0000008227b00000,0x0000008227c00000) (1024K)]
  0x0000027777e1c250 JavaThread "Reference Handler"          daemon [_thread_blocked, id=7964, stack(0x0000008228300000,0x0000008228400000) (1024K)]
  0x0000027777e1e020 JavaThread "Finalizer"                  daemon [_thread_blocked, id=5484, stack(0x0000008228400000,0x0000008228500000) (1024K)]
  0x0000027777e1f840 JavaThread "Signal Dispatcher"          daemon [_thread_blocked, id=2912, stack(0x0000008228500000,0x0000008228600000) (1024K)]
  0x0000027777e222b0 JavaThread "Attach Listener"            daemon [_thread_blocked, id=10068, stack(0x0000008228600000,0x0000008228700000) (1024K)]
  0x0000027777e23810 JavaThread "Service Thread"             daemon [_thread_blocked, id=1064, stack(0x0000008228700000,0x0000008228800000) (1024K)]
  0x0000027777e24270 JavaThread "Monitor Deflation Thread"   daemon [_thread_blocked, id=700, stack(0x0000008228800000,0x0000008228900000) (1024K)]
  0x0000027777e25000 JavaThread "C2 CompilerThread0"         daemon [_thread_in_native, id=8920, stack(0x0000008228900000,0x0000008228a00000) (1024K)]
=>0x0000027777e48a00 JavaThread "C1 CompilerThread0"         daemon [_thread_in_native, id=11072, stack(0x0000008228a00000,0x0000008228b00000) (1024K)]
  0x0000027777de2ed0 JavaThread "Common-Cleaner"             daemon [_thread_blocked, id=5300, stack(0x0000008228b00000,0x0000008228c00000) (1024K)]
  0x00000277453d8820 JavaThread "Monitor Ctrl-Break"         daemon [_thread_in_native, id=7588, stack(0x0000008228c00000,0x0000008228d00000) (1024K)]
  0x0000027745477300 JavaThread "Notification Thread"        daemon [_thread_blocked, id=1104, stack(0x0000008228d00000,0x0000008228e00000) (1024K)]
  0x000002774566fef0 JavaThread "C2 CompilerThread1"         daemon [_thread_blocked, id=6880, stack(0x0000008228e00000,0x0000008228f00000) (1024K)]
  0x000002774603bbd0 JavaThread "Thread-0"                          [_thread_blocked, id=10832, stack(0x0000008228f00000,0x0000008229000000) (1024K)]
  0x0000027746032420 JavaThread "restartedMain"                     [_thread_in_Java, id=3176, stack(0x0000008229300000,0x0000008229400000) (1024K)]
Total: 15

Other Threads:
  0x0000027777dfc0a0 VMThread "VM Thread"                           [id=10576, stack(0x0000008228200000,0x0000008228300000) (1024K)]
  0x0000027777de20c0 WatcherThread "VM Periodic Task Thread"        [id=2464, stack(0x0000008228100000,0x0000008228200000) (1024K)]
  0x00000277582fc4e0 WorkerThread "GC Thread#0"                     [id=11152, stack(0x0000008227c00000,0x0000008227d00000) (1024K)]
  0x0000027746018a50 WorkerThread "GC Thread#1"                     [id=2624, stack(0x0000008229000000,0x0000008229100000) (1024K)]
  0x000002774606e220 WorkerThread "GC Thread#2"                     [id=8164, stack(0x0000008229100000,0x0000008229200000) (1024K)]
  0x000002774606e5d0 WorkerThread "GC Thread#3"                     [id=10928, stack(0x0000008229200000,0x0000008229300000) (1024K)]
  0x00000277583073e0 ConcurrentGCThread "G1 Main Marker"            [id=10232, stack(0x0000008227d00000,0x0000008227e00000) (1024K)]
  0x0000027758307ef0 WorkerThread "G1 Conc#0"                       [id=3264, stack(0x0000008227e00000,0x0000008227f00000) (1024K)]
  0x0000027777cb40c0 ConcurrentGCThread "G1 Refine#0"               [id=6132, stack(0x0000008227f00000,0x0000008228000000) (1024K)]
  0x0000027777cb5c10 ConcurrentGCThread "G1 Service"                [id=8028, stack(0x0000008228000000,0x0000008228100000) (1024K)]
Total: 10

Threads with active compile tasks:
C2 CompilerThread0  3200 2322       4       java.lang.AbstractStringBuilder::append (55 bytes)
C1 CompilerThread0  3200 2363   !   3       sun.reflect.annotation.AnnotationParser::parseAnnotation2 (275 bytes)
Total: 2

VM state: not at safepoint (normal execution)

VM Mutex/Monitor currently owned by a thread: None

Heap address: 0x00000006c1c00000, size: 5092 MB, Compressed Oops mode: Zero based, Oop shift amount: 3

CDS archive(s) mapped at: [0x0000027700000000-0x0000027700c50000-0x0000027700c50000), size 12910592, SharedBaseAddress: 0x0000027700000000, ArchiveRelocationMode: 1.
Compressed class space mapped at: 0x0000027701000000-0x0000027741000000, reserved size: 1073741824
Narrow klass base: 0x0000027700000000, Narrow klass shift: 0, Narrow klass range: 0x41000000

GC Precious Log:
 CardTable entry size: 512
 Card Set container configuration: InlinePtr #cards 4 size 8 Array Of Cards #cards 32 size 80 Howl #buckets 8 coarsen threshold 7372 Howl Bitmap #cards 1024 size 144 coarsen threshold 921 Card regions per heap region 1 cards per card region 8192
 CPUs: 4 total, 4 available
 Memory: 20355M
 Large Page Support: Disabled
 NUMA Support: Disabled
 Compressed Oops: Enabled (Zero based)
 Heap Region Size: 4M
 Heap Min Capacity: 8M
 Heap Initial Capacity: 320M
 Heap Max Capacity: 5092M
 Pre-touch: Disabled
 Parallel Workers: 4
 Concurrent Workers: 1
 Concurrent Refinement Workers: 4
 Periodic GC: Disabled

Heap:
 garbage-first heap   total reserved 5214208K, committed 327680K, used 19546K [0x00000006c1c00000, 0x0000000800000000)
  region size 4096K, 5 young (20480K), 1 survivors (4096K)
 Metaspace       used 18216K, committed 18560K, reserved 1114112K
  class space    used 2269K, committed 2432K, reserved 1048576K

Heap Regions: E=young(eden), S=young(survivor), O=old, HS=humongous(starts), HC=humongous(continues), CS=collection set, F=free, TAMS=top-at-mark-start, PB=parsable bottom
|   0|0x00000006c1c00000, 0x00000006c1faadb0, 0x00000006c2000000| 91%| O|  |TAMS 0x00000006c1c00000| PB 0x00000006c1c00000| Untracked |  0
|   1|0x00000006c2000000, 0x00000006c2000000, 0x00000006c2400000|  0%| F|  |TAMS 0x00000006c2000000| PB 0x00000006c2000000| Untracked |  0
|   2|0x00000006c2400000, 0x00000006c2400000, 0x00000006c2800000|  0%| F|  |TAMS 0x00000006c2400000| PB 0x00000006c2400000| Untracked |  0
|   3|0x00000006c2800000, 0x00000006c2800000, 0x00000006c2c00000|  0%| F|  |TAMS 0x00000006c2800000| PB 0x00000006c2800000| Untracked |  0
|   4|0x00000006c2c00000, 0x00000006c2c00000, 0x00000006c3000000|  0%| F|  |TAMS 0x00000006c2c00000| PB 0x00000006c2c00000| Untracked |  0
|   5|0x00000006c3000000, 0x00000006c3000000, 0x00000006c3400000|  0%| F|  |TAMS 0x00000006c3000000| PB 0x00000006c3000000| Untracked |  0
|   6|0x00000006c3400000, 0x00000006c3400000, 0x00000006c3800000|  0%| F|  |TAMS 0x00000006c3400000| PB 0x00000006c3400000| Untracked |  0
|   7|0x00000006c3800000, 0x00000006c3800000, 0x00000006c3c00000|  0%| F|  |TAMS 0x00000006c3800000| PB 0x00000006c3800000| Untracked |  0
|   8|0x00000006c3c00000, 0x00000006c3c00000, 0x00000006c4000000|  0%| F|  |TAMS 0x00000006c3c00000| PB 0x00000006c3c00000| Untracked |  0
|   9|0x00000006c4000000, 0x00000006c4000000, 0x00000006c4400000|  0%| F|  |TAMS 0x00000006c4000000| PB 0x00000006c4000000| Untracked |  0
|  10|0x00000006c4400000, 0x00000006c4400000, 0x00000006c4800000|  0%| F|  |TAMS 0x00000006c4400000| PB 0x00000006c4400000| Untracked |  0
|  11|0x00000006c4800000, 0x00000006c4800000, 0x00000006c4c00000|  0%| F|  |TAMS 0x00000006c4800000| PB 0x00000006c4800000| Untracked |  0
|  12|0x00000006c4c00000, 0x00000006c4c00000, 0x00000006c5000000|  0%| F|  |TAMS 0x00000006c4c00000| PB 0x00000006c4c00000| Untracked |  0
|  13|0x00000006c5000000, 0x00000006c5000000, 0x00000006c5400000|  0%| F|  |TAMS 0x00000006c5000000| PB 0x00000006c5000000| Untracked |  0
|  14|0x00000006c5400000, 0x00000006c5400000, 0x00000006c5800000|  0%| F|  |TAMS 0x00000006c5400000| PB 0x00000006c5400000| Untracked |  0
|  15|0x00000006c5800000, 0x00000006c5800000, 0x00000006c5c00000|  0%| F|  |TAMS 0x00000006c5800000| PB 0x00000006c5800000| Untracked |  0
|  16|0x00000006c5c00000, 0x00000006c5c00000, 0x00000006c6000000|  0%| F|  |TAMS 0x00000006c5c00000| PB 0x00000006c5c00000| Untracked |  0
|  17|0x00000006c6000000, 0x00000006c6000000, 0x00000006c6400000|  0%| F|  |TAMS 0x00000006c6000000| PB 0x00000006c6000000| Untracked |  0
|  18|0x00000006c6400000, 0x00000006c6400000, 0x00000006c6800000|  0%| F|  |TAMS 0x00000006c6400000| PB 0x00000006c6400000| Untracked |  0
|  19|0x00000006c6800000, 0x00000006c6800000, 0x00000006c6c00000|  0%| F|  |TAMS 0x00000006c6800000| PB 0x00000006c6800000| Untracked |  0
|  20|0x00000006c6c00000, 0x00000006c6c00000, 0x00000006c7000000|  0%| F|  |TAMS 0x00000006c6c00000| PB 0x00000006c6c00000| Untracked |  0
|  21|0x00000006c7000000, 0x00000006c7000000, 0x00000006c7400000|  0%| F|  |TAMS 0x00000006c7000000| PB 0x00000006c7000000| Untracked |  0
|  22|0x00000006c7400000, 0x00000006c7400000, 0x00000006c7800000|  0%| F|  |TAMS 0x00000006c7400000| PB 0x00000006c7400000| Untracked |  0
|  23|0x00000006c7800000, 0x00000006c7800000, 0x00000006c7c00000|  0%| F|  |TAMS 0x00000006c7800000| PB 0x00000006c7800000| Untracked |  0
|  24|0x00000006c7c00000, 0x00000006c7c00000, 0x00000006c8000000|  0%| F|  |TAMS 0x00000006c7c00000| PB 0x00000006c7c00000| Untracked |  0
|  25|0x00000006c8000000, 0x00000006c8000000, 0x00000006c8400000|  0%| F|  |TAMS 0x00000006c8000000| PB 0x00000006c8000000| Untracked |  0
|  26|0x00000006c8400000, 0x00000006c8400000, 0x00000006c8800000|  0%| F|  |TAMS 0x00000006c8400000| PB 0x00000006c8400000| Untracked |  0
|  27|0x00000006c8800000, 0x00000006c8800000, 0x00000006c8c00000|  0%| F|  |TAMS 0x00000006c8800000| PB 0x00000006c8800000| Untracked |  0
|  28|0x00000006c8c00000, 0x00000006c8c00000, 0x00000006c9000000|  0%| F|  |TAMS 0x00000006c8c00000| PB 0x00000006c8c00000| Untracked |  0
|  29|0x00000006c9000000, 0x00000006c9000000, 0x00000006c9400000|  0%| F|  |TAMS 0x00000006c9000000| PB 0x00000006c9000000| Untracked |  0
|  30|0x00000006c9400000, 0x00000006c9400000, 0x00000006c9800000|  0%| F|  |TAMS 0x00000006c9400000| PB 0x00000006c9400000| Untracked |  0
|  31|0x00000006c9800000, 0x00000006c9800000, 0x00000006c9c00000|  0%| F|  |TAMS 0x00000006c9800000| PB 0x00000006c9800000| Untracked |  0
|  32|0x00000006c9c00000, 0x00000006c9c00000, 0x00000006ca000000|  0%| F|  |TAMS 0x00000006c9c00000| PB 0x00000006c9c00000| Untracked |  0
|  33|0x00000006ca000000, 0x00000006ca000000, 0x00000006ca400000|  0%| F|  |TAMS 0x00000006ca000000| PB 0x00000006ca000000| Untracked |  0
|  34|0x00000006ca400000, 0x00000006ca400000, 0x00000006ca800000|  0%| F|  |TAMS 0x00000006ca400000| PB 0x00000006ca400000| Untracked |  0
|  35|0x00000006ca800000, 0x00000006ca800000, 0x00000006cac00000|  0%| F|  |TAMS 0x00000006ca800000| PB 0x00000006ca800000| Untracked |  0
|  36|0x00000006cac00000, 0x00000006cac00000, 0x00000006cb000000|  0%| F|  |TAMS 0x00000006cac00000| PB 0x00000006cac00000| Untracked |  0
|  37|0x00000006cb000000, 0x00000006cb000000, 0x00000006cb400000|  0%| F|  |TAMS 0x00000006cb000000| PB 0x00000006cb000000| Untracked |  0
|  38|0x00000006cb400000, 0x00000006cb400000, 0x00000006cb800000|  0%| F|  |TAMS 0x00000006cb400000| PB 0x00000006cb400000| Untracked |  0
|  39|0x00000006cb800000, 0x00000006cb800000, 0x00000006cbc00000|  0%| F|  |TAMS 0x00000006cb800000| PB 0x00000006cb800000| Untracked |  0
|  40|0x00000006cbc00000, 0x00000006cbc00000, 0x00000006cc000000|  0%| F|  |TAMS 0x00000006cbc00000| PB 0x00000006cbc00000| Untracked |  0
|  41|0x00000006cc000000, 0x00000006cc000000, 0x00000006cc400000|  0%| F|  |TAMS 0x00000006cc000000| PB 0x00000006cc000000| Untracked |  0
|  42|0x00000006cc400000, 0x00000006cc400000, 0x00000006cc800000|  0%| F|  |TAMS 0x00000006cc400000| PB 0x00000006cc400000| Untracked |  0
|  43|0x00000006cc800000, 0x00000006cc800000, 0x00000006ccc00000|  0%| F|  |TAMS 0x00000006cc800000| PB 0x00000006cc800000| Untracked |  0
|  44|0x00000006ccc00000, 0x00000006ccc00000, 0x00000006cd000000|  0%| F|  |TAMS 0x00000006ccc00000| PB 0x00000006ccc00000| Untracked |  0
|  45|0x00000006cd000000, 0x00000006cd000000, 0x00000006cd400000|  0%| F|  |TAMS 0x00000006cd000000| PB 0x00000006cd000000| Untracked |  0
|  46|0x00000006cd400000, 0x00000006cd400000, 0x00000006cd800000|  0%| F|  |TAMS 0x00000006cd400000| PB 0x00000006cd400000| Untracked |  0
|  47|0x00000006cd800000, 0x00000006cd800000, 0x00000006cdc00000|  0%| F|  |TAMS 0x00000006cd800000| PB 0x00000006cd800000| Untracked |  0
|  48|0x00000006cdc00000, 0x00000006cdc00000, 0x00000006ce000000|  0%| F|  |TAMS 0x00000006cdc00000| PB 0x00000006cdc00000| Untracked |  0
|  49|0x00000006ce000000, 0x00000006ce000000, 0x00000006ce400000|  0%| F|  |TAMS 0x00000006ce000000| PB 0x00000006ce000000| Untracked |  0
|  50|0x00000006ce400000, 0x00000006ce400000, 0x00000006ce800000|  0%| F|  |TAMS 0x00000006ce400000| PB 0x00000006ce400000| Untracked |  0
|  51|0x00000006ce800000, 0x00000006ce800000, 0x00000006cec00000|  0%| F|  |TAMS 0x00000006ce800000| PB 0x00000006ce800000| Untracked |  0
|  52|0x00000006cec00000, 0x00000006cec00000, 0x00000006cf000000|  0%| F|  |TAMS 0x00000006cec00000| PB 0x00000006cec00000| Untracked |  0
|  53|0x00000006cf000000, 0x00000006cf000000, 0x00000006cf400000|  0%| F|  |TAMS 0x00000006cf000000| PB 0x00000006cf000000| Untracked |  0
|  54|0x00000006cf400000, 0x00000006cf400000, 0x00000006cf800000|  0%| F|  |TAMS 0x00000006cf400000| PB 0x00000006cf400000| Untracked |  0
|  55|0x00000006cf800000, 0x00000006cf800000, 0x00000006cfc00000|  0%| F|  |TAMS 0x00000006cf800000| PB 0x00000006cf800000| Untracked |  0
|  56|0x00000006cfc00000, 0x00000006cfc00000, 0x00000006d0000000|  0%| F|  |TAMS 0x00000006cfc00000| PB 0x00000006cfc00000| Untracked |  0
|  57|0x00000006d0000000, 0x00000006d0000000, 0x00000006d0400000|  0%| F|  |TAMS 0x00000006d0000000| PB 0x00000006d0000000| Untracked |  0
|  58|0x00000006d0400000, 0x00000006d0400000, 0x00000006d0800000|  0%| F|  |TAMS 0x00000006d0400000| PB 0x00000006d0400000| Untracked |  0
|  59|0x00000006d0800000, 0x00000006d0800000, 0x00000006d0c00000|  0%| F|  |TAMS 0x00000006d0800000| PB 0x00000006d0800000| Untracked |  0
|  60|0x00000006d0c00000, 0x00000006d0c00000, 0x00000006d1000000|  0%| F|  |TAMS 0x00000006d0c00000| PB 0x00000006d0c00000| Untracked |  0
|  61|0x00000006d1000000, 0x00000006d1000000, 0x00000006d1400000|  0%| F|  |TAMS 0x00000006d1000000| PB 0x00000006d1000000| Untracked |  0
|  62|0x00000006d1400000, 0x00000006d1400000, 0x00000006d1800000|  0%| F|  |TAMS 0x00000006d1400000| PB 0x00000006d1400000| Untracked |  0
|  63|0x00000006d1800000, 0x00000006d1800000, 0x00000006d1c00000|  0%| F|  |TAMS 0x00000006d1800000| PB 0x00000006d1800000| Untracked |  0
|  64|0x00000006d1c00000, 0x00000006d1c00000, 0x00000006d2000000|  0%| F|  |TAMS 0x00000006d1c00000| PB 0x00000006d1c00000| Untracked |  0
|  65|0x00000006d2000000, 0x00000006d2000000, 0x00000006d2400000|  0%| F|  |TAMS 0x00000006d2000000| PB 0x00000006d2000000| Untracked |  0
|  66|0x00000006d2400000, 0x00000006d2400000, 0x00000006d2800000|  0%| F|  |TAMS 0x00000006d2400000| PB 0x00000006d2400000| Untracked |  0
|  67|0x00000006d2800000, 0x00000006d2800000, 0x00000006d2c00000|  0%| F|  |TAMS 0x00000006d2800000| PB 0x00000006d2800000| Untracked |  0
|  68|0x00000006d2c00000, 0x00000006d2c00000, 0x00000006d3000000|  0%| F|  |TAMS 0x00000006d2c00000| PB 0x00000006d2c00000| Untracked |  0
|  69|0x00000006d3000000, 0x00000006d3000000, 0x00000006d3400000|  0%| F|  |TAMS 0x00000006d3000000| PB 0x00000006d3000000| Untracked |  0
|  70|0x00000006d3400000, 0x00000006d3400000, 0x00000006d3800000|  0%| F|  |TAMS 0x00000006d3400000| PB 0x00000006d3400000| Untracked |  0
|  71|0x00000006d3800000, 0x00000006d3b6bbe8, 0x00000006d3c00000| 85%| S|CS|TAMS 0x00000006d3800000| PB 0x00000006d3800000| Complete |  0
|  72|0x00000006d3c00000, 0x00000006d3c00000, 0x00000006d4000000|  0%| F|  |TAMS 0x00000006d3c00000| PB 0x00000006d3c00000| Untracked |  0
|  73|0x00000006d4000000, 0x00000006d4000000, 0x00000006d4400000|  0%| F|  |TAMS 0x00000006d4000000| PB 0x00000006d4000000| Untracked |  0
|  74|0x00000006d4400000, 0x00000006d4400000, 0x00000006d4800000|  0%| F|  |TAMS 0x00000006d4400000| PB 0x00000006d4400000| Untracked |  0
|  75|0x00000006d4800000, 0x00000006d4800000, 0x00000006d4c00000|  0%| F|  |TAMS 0x00000006d4800000| PB 0x00000006d4800000| Untracked |  0
|  76|0x00000006d4c00000, 0x00000006d4eb8da0, 0x00000006d5000000| 68%| E|  |TAMS 0x00000006d4c00000| PB 0x00000006d4c00000| Complete |  0
|  77|0x00000006d5000000, 0x00000006d5400000, 0x00000006d5400000|100%| E|CS|TAMS 0x00000006d5000000| PB 0x00000006d5000000| Complete |  0
|  78|0x00000006d5400000, 0x00000006d5800000, 0x00000006d5800000|100%| E|CS|TAMS 0x00000006d5400000| PB 0x00000006d5400000| Complete |  0
|  79|0x00000006d5800000, 0x00000006d5c00000, 0x00000006d5c00000|100%| E|CS|TAMS 0x00000006d5800000| PB 0x00000006d5800000| Complete |  0

Card table byte_map: [0x000002776ffe0000,0x00000277709e0000] _byte_map_base: 0x000002776c9d2000

Marking Bits: (CMBitMap*) 0x00000277582fcbf0
 Bits: [0x00000277709e0000, 0x0000027775970000)

Polling page: 0x0000027756000000

Metaspace:

Usage:
  Non-class:     15.57 MB used.
      Class:      2.22 MB used.
       Both:     17.79 MB used.

Virtual space:
  Non-class space:       64.00 MB reserved,      15.75 MB ( 25%) committed,  1 nodes.
      Class space:        1.00 GB reserved,       2.38 MB ( <1%) committed,  1 nodes.
             Both:        1.06 GB reserved,      18.12 MB (  2%) committed. 

Chunk freelists:
   Non-Class:  272.00 KB
       Class:  13.45 MB
        Both:  13.72 MB

MaxMetaspaceSize: unlimited
CompressedClassSpaceSize: 1.00 GB
Initial GC threshold: 21.00 MB
Current GC threshold: 21.00 MB
CDS: on
 - commit_granule_bytes: 65536.
 - commit_granule_words: 8192.
 - virtual_space_node_default_size: 8388608.
 - enlarge_chunks_in_place: 1.
 - use_allocation_guard: 0.


Internal statistics:

num_allocs_failed_limit: 0.
num_arena_births: 280.
num_arena_deaths: 0.
num_vsnodes_births: 2.
num_vsnodes_deaths: 0.
num_space_committed: 290.
num_space_uncommitted: 0.
num_chunks_returned_to_freelist: 0.
num_chunks_taken_from_freelist: 881.
num_chunk_merges: 0.
num_chunk_splits: 584.
num_chunks_enlarged: 418.
num_inconsistent_stats: 0.

CodeHeap 'non-profiled nmethods': size=120000Kb used=1023Kb max_used=1023Kb free=118976Kb
 bounds [0x00000277680b0000, 0x0000027768320000, 0x000002776f5e0000]
CodeHeap 'profiled nmethods': size=120000Kb used=4498Kb max_used=4498Kb free=115501Kb
 bounds [0x00000277605e0000, 0x0000027760a50000, 0x0000027767b10000]
CodeHeap 'non-nmethods': size=5760Kb used=1448Kb max_used=1498Kb free=4311Kb
 bounds [0x0000027767b10000, 0x0000027767d80000, 0x00000277680b0000]
 total_blobs=2896 nmethods=2366 adapters=434
 compilation: enabled
              stopped_count=0, restarted_count=0
 full_count=0

Compilation events (20 events):
Event: 2.891 Thread 0x0000027777e48a00 nmethod 2353 0x0000027760a40e90 code [0x0000027760a41020, 0x0000027760a41190]
Event: 2.891 Thread 0x0000027777e48a00 2354       3       java.util.Collections$EmptySet::toArray (11 bytes)
Event: 2.891 Thread 0x0000027777e48a00 nmethod 2354 0x0000027760a41290 code [0x0000027760a41440, 0x0000027760a41718]
Event: 2.891 Thread 0x0000027777e48a00 2355       3       java.lang.System$2::getConstantPool (5 bytes)
Event: 2.891 Thread 0x0000027777e48a00 nmethod 2355 0x0000027760a41810 code [0x0000027760a419c0, 0x0000027760a41b00]
Event: 2.893 Thread 0x0000027777e48a00 2356       3       java.lang.reflect.Executable::getDeclaredAnnotations (8 bytes)
Event: 2.894 Thread 0x0000027777e48a00 nmethod 2356 0x0000027760a41c10 code [0x0000027760a41de0, 0x0000027760a42208]
Event: 2.894 Thread 0x0000027777e48a00 2357       3       java.lang.reflect.Method::getDeclaredAnnotations (5 bytes)
Event: 2.895 Thread 0x0000027777e48a00 nmethod 2357 0x0000027760a42390 code [0x0000027760a42580, 0x0000027760a42a08]
Event: 2.895 Thread 0x0000027777e48a00 2358       3       org.springframework.asm.ClassReader::readUtf (161 bytes)
Event: 2.895 Thread 0x0000027777e48a00 nmethod 2358 0x0000027760a42b90 code [0x0000027760a42d60, 0x0000027760a431b0]
Event: 2.896 Thread 0x0000027777e48a00 2359       3       java.lang.Class::isEnum (27 bytes)
Event: 2.896 Thread 0x0000027777e48a00 nmethod 2359 0x0000027760a43490 code [0x0000027760a43640, 0x0000027760a43838]
Event: 2.897 Thread 0x0000027777e48a00 2360       3       java.util.EnumSet::getUniverse (10 bytes)
Event: 2.897 Thread 0x0000027777e48a00 nmethod 2360 0x0000027760a43910 code [0x0000027760a43ae0, 0x0000027760a43df0]
Event: 2.897 Thread 0x0000027777e48a00 2361       3       java.util.RegularEnumSet::<init> (12 bytes)
Event: 2.898 Thread 0x0000027777e48a00 nmethod 2361 0x0000027760a43f90 code [0x0000027760a44140, 0x0000027760a44490]
Event: 2.898 Thread 0x0000027777e48a00 2362       3       java.util.EnumSet::<init> (15 bytes)
Event: 2.898 Thread 0x0000027777e48a00 nmethod 2362 0x0000027760a44590 code [0x0000027760a44740, 0x0000027760a44a28]
Event: 2.899 Thread 0x0000027777e48a00 2363   !   3       sun.reflect.annotation.AnnotationParser::parseAnnotation2 (275 bytes)

GC Heap History (6 events):
Event: 1.004 GC heap before
{Heap before GC invocations=0 (full 0):
 garbage-first heap   total reserved 5214208K, committed 327680K, used 12288K [0x00000006c1c00000, 0x0000000800000000)
  region size 4096K, 4 young (16384K), 0 survivors (0K)
 Metaspace       used 4878K, committed 5184K, reserved 1114112K
  class space    used 558K, committed 704K, reserved 1048576K
}
Event: 1.017 GC heap after
{Heap after GC invocations=1 (full 0):
 garbage-first heap   total reserved 5214208K, committed 327680K, used 3773K [0x00000006c1c00000, 0x0000000800000000)
  region size 4096K, 1 young (4096K), 1 survivors (4096K)
 Metaspace       used 4878K, committed 5184K, reserved 1114112K
  class space    used 558K, committed 704K, reserved 1048576K
}
Event: 1.648 GC heap before
{Heap before GC invocations=1 (full 0):
 garbage-first heap   total reserved 5214208K, committed 327680K, used 16061K [0x00000006c1c00000, 0x0000000800000000)
  region size 4096K, 4 young (16384K), 1 survivors (4096K)
 Metaspace       used 7926K, committed 8192K, reserved 1114112K
  class space    used 968K, committed 1088K, reserved 1048576K
}
Event: 1.657 GC heap after
{Heap after GC invocations=2 (full 0):
 garbage-first heap   total reserved 5214208K, committed 327680K, used 5040K [0x00000006c1c00000, 0x0000000800000000)
  region size 4096K, 1 young (4096K), 1 survivors (4096K)
 Metaspace       used 7926K, committed 8192K, reserved 1114112K
  class space    used 968K, committed 1088K, reserved 1048576K
}
Event: 2.469 GC heap before
{Heap before GC invocations=2 (full 0):
 garbage-first heap   total reserved 5214208K, committed 327680K, used 29616K [0x00000006c1c00000, 0x0000000800000000)
  region size 4096K, 8 young (32768K), 1 survivors (4096K)
 Metaspace       used 15872K, committed 16192K, reserved 1114112K
  class space    used 1959K, committed 2112K, reserved 1048576K
}
Event: 2.483 GC heap after
{Heap after GC invocations=3 (full 0):
 garbage-first heap   total reserved 5214208K, committed 327680K, used 7258K [0x00000006c1c00000, 0x0000000800000000)
  region size 4096K, 1 young (4096K), 1 survivors (4096K)
 Metaspace       used 15872K, committed 16192K, reserved 1114112K
  class space    used 1959K, committed 2112K, reserved 1048576K
}

Dll operation events (14 events):
Event: 0.028 Loaded shared library C:\Users\LENOVO\.jdks\openjdk-22.0.1\bin\java.dll
Event: 0.092 Loaded shared library C:\Users\LENOVO\.jdks\openjdk-22.0.1\bin\jsvml.dll
Event: 0.224 Loaded shared library C:\Users\LENOVO\.jdks\openjdk-22.0.1\bin\zip.dll
Event: 0.253 Loaded shared library C:\Users\LENOVO\.jdks\openjdk-22.0.1\bin\instrument.dll
Event: 0.279 Loaded shared library C:\Users\LENOVO\.jdks\openjdk-22.0.1\bin\net.dll
Event: 0.282 Loaded shared library C:\Users\LENOVO\.jdks\openjdk-22.0.1\bin\nio.dll
Event: 0.287 Loaded shared library C:\Users\LENOVO\.jdks\openjdk-22.0.1\bin\zip.dll
Event: 0.374 Loaded shared library C:\Program Files\JetBrains\IntelliJ IDEA Community Edition 2024.1.4\bin\breakgen64.dll
Event: 0.388 Loaded shared library C:\Users\LENOVO\.jdks\openjdk-22.0.1\bin\extnet.dll
Event: 0.457 Loaded shared library C:\Users\LENOVO\.jdks\openjdk-22.0.1\bin\jimage.dll
Event: 0.937 Loaded shared library C:\Users\LENOVO\.jdks\openjdk-22.0.1\bin\management.dll
Event: 0.940 Loaded shared library C:\Users\LENOVO\.jdks\openjdk-22.0.1\bin\management_ext.dll
Event: 1.885 Loaded shared library C:\Users\LENOVO\.jdks\openjdk-22.0.1\bin\le.dll
Event: 2.745 Loaded shared library C:\Users\LENOVO\.jdks\openjdk-22.0.1\bin\sunmscapi.dll

Deoptimization events (20 events):
Event: 2.742 Thread 0x0000027746032420 DEOPT PACKING pc=0x000002776071290d sp=0x00000082293fe230
Event: 2.742 Thread 0x0000027746032420 DEOPT UNPACKING pc=0x0000027767b64e42 sp=0x00000082293fd720 mode 0
Event: 2.743 Thread 0x0000027746032420 DEOPT PACKING pc=0x000002776071290d sp=0x00000082293fe230
Event: 2.743 Thread 0x0000027746032420 DEOPT UNPACKING pc=0x0000027767b64e42 sp=0x00000082293fd720 mode 0
Event: 2.743 Thread 0x0000027746032420 DEOPT PACKING pc=0x000002776071290d sp=0x00000082293fe230
Event: 2.743 Thread 0x0000027746032420 DEOPT UNPACKING pc=0x0000027767b64e42 sp=0x00000082293fd720 mode 0
Event: 2.744 Thread 0x0000027746032420 DEOPT PACKING pc=0x000002776071290d sp=0x00000082293fe230
Event: 2.744 Thread 0x0000027746032420 DEOPT UNPACKING pc=0x0000027767b64e42 sp=0x00000082293fd720 mode 0
Event: 2.744 Thread 0x0000027746032420 DEOPT PACKING pc=0x000002776071290d sp=0x00000082293fe230
Event: 2.744 Thread 0x0000027746032420 DEOPT UNPACKING pc=0x0000027767b64e42 sp=0x00000082293fd720 mode 0
Event: 2.745 Thread 0x0000027746032420 DEOPT PACKING pc=0x000002776071290d sp=0x00000082293fe230
Event: 2.745 Thread 0x0000027746032420 DEOPT UNPACKING pc=0x0000027767b64e42 sp=0x00000082293fd720 mode 0
Event: 2.746 Thread 0x0000027746032420 DEOPT PACKING pc=0x000002776071290d sp=0x00000082293fe230
Event: 2.746 Thread 0x0000027746032420 DEOPT UNPACKING pc=0x0000027767b64e42 sp=0x00000082293fd720 mode 0
Event: 2.863 Thread 0x0000027746032420 DEOPT PACKING pc=0x0000027760a17be8 sp=0x00000082293fe480
Event: 2.863 Thread 0x0000027746032420 DEOPT UNPACKING pc=0x0000027767b64e42 sp=0x00000082293fd938 mode 0
Event: 2.866 Thread 0x0000027746032420 Uncommon trap: trap_request=0xffffff45 fr.pc=0x0000027768191f7c relative=0x000000000000085c
Event: 2.866 Thread 0x0000027746032420 Uncommon trap: reason=unstable_if action=reinterpret pc=0x0000027768191f7c method=java.util.Properties.load0(Ljava/util/Properties$LineReader;)V @ 14 c2
Event: 2.866 Thread 0x0000027746032420 DEOPT PACKING pc=0x0000027768191f7c sp=0x00000082293fe490
Event: 2.866 Thread 0x0000027746032420 DEOPT UNPACKING pc=0x0000027767b646a2 sp=0x00000082293fe440 mode 2

Classes loaded (20 events):
Event: 2.753 Loading class javax/security/auth/login/FailedLoginException
Event: 2.753 Loading class javax/security/auth/login/FailedLoginException done
Event: 2.753 Loading class javax/security/auth/callback/CallbackHandler
Event: 2.753 Loading class javax/security/auth/callback/CallbackHandler done
Event: 2.753 Loading class javax/security/auth/Subject
Event: 2.754 Loading class javax/security/auth/Subject done
Event: 2.760 Loading class com/sun/security/sasl/Provider
Event: 2.760 Loading class com/sun/security/sasl/Provider done
Event: 2.762 Loading class com/sun/security/sasl/Provider$1
Event: 2.762 Loading class com/sun/security/sasl/Provider$1 done
Event: 2.762 Loading class com/sun/security/sasl/Provider$ProviderService
Event: 2.762 Loading class com/sun/security/sasl/Provider$ProviderService done
Event: 2.762 Loading class sun/security/provider/certpath/ldap/JdkLDAP
Event: 2.763 Loading class sun/security/provider/certpath/ldap/JdkLDAP done
Event: 2.764 Loading class sun/security/provider/certpath/ldap/JdkLDAP$ProviderService
Event: 2.764 Loading class sun/security/provider/certpath/ldap/JdkLDAP$ProviderService done
Event: 2.779 Loading class javax/naming/ldap/LdapContext
Event: 2.779 Loading class javax/naming/directory/DirContext
Event: 2.779 Loading class javax/naming/directory/DirContext done
Event: 2.779 Loading class javax/naming/ldap/LdapContext done

Classes unloaded (0 events):
No events

Classes redefined (0 events):
No events

Internal exceptions (20 events):
Event: 1.715 Thread 0x0000027746032420 Exception <a 'java/lang/NoSuchMethodError'{0x00000006d58de798}: 'void java.lang.invoke.DirectMethodHandle$Holder.invokeVirtual(java.lang.Object, java.lang.Object, java.lang.Object, java.lang.Object)'> (0x00000006d58de798) 
thrown [s\open\src\hotspot\share\interpreter\linkResolver.cpp, line 774]
Event: 1.820 Thread 0x0000027746032420 Exception <a 'java/lang/IncompatibleClassChangeError'{0x00000006d5a4bdf8}: Found class java.lang.Object, but interface was expected> (0x00000006d5a4bdf8) 
thrown [s\open\src\hotspot\share\interpreter\linkResolver.cpp, line 841]
Event: 1.830 Thread 0x0000027746032420 Exception <a 'java/lang/NoSuchMethodError'{0x00000006d5a64e80}: 'java.lang.Object java.lang.invoke.DirectMethodHandle$Holder.invokeStaticInit(java.lang.Object, int)'> (0x00000006d5a64e80) 
thrown [s\open\src\hotspot\share\interpreter\linkResolver.cpp, line 774]
Event: 1.834 Thread 0x0000027746032420 Exception <a 'java/lang/NoSuchMethodError'{0x00000006d5a93520}: 'java.lang.Object java.lang.invoke.DirectMethodHandle$Holder.invokeStatic(java.lang.Object, int, java.lang.Object)'> (0x00000006d5a93520) 
thrown [s\open\src\hotspot\share\interpreter\linkResolver.cpp, line 774]
Event: 1.834 Thread 0x0000027746032420 Exception <a 'java/lang/NoSuchMethodError'{0x00000006d5a96ba0}: 'java.lang.Object java.lang.invoke.DirectMethodHandle$Holder.invokeStaticInit(java.lang.Object, int, java.lang.Object)'> (0x00000006d5a96ba0) 
thrown [s\open\src\hotspot\share\interpreter\linkResolver.cpp, line 774]
Event: 1.846 Thread 0x00000277460f0800 Exception <a 'java/lang/NoClassDefFoundError'{0x00000006d5a81080}: jakarta/validation/Validation> (0x00000006d5a81080) 
thrown [s\open\src\hotspot\share\classfile\systemDictionary.cpp, line 302]
Event: 1.870 Thread 0x0000027746032420 Exception <a 'sun/nio/fs/WindowsException'{0x00000006d5ae6110}> (0x00000006d5ae6110) 
thrown [s\open\src\hotspot\share\prims\jni.cpp, line 520]
Event: 1.890 Thread 0x0000027746032420 Exception <a 'jdk/internal/org/jline/terminal/impl/jna/LastErrorException'{0x00000006d5af27d0}> (0x00000006d5af27d0) 
thrown [s\open\src\hotspot\share\prims\jni.cpp, line 520]
Event: 1.890 Thread 0x0000027746032420 Exception <a 'jdk/internal/org/jline/terminal/impl/jna/LastErrorException'{0x00000006d5af2e90}> (0x00000006d5af2e90) 
thrown [s\open\src\hotspot\share\prims\jni.cpp, line 520]
Event: 1.890 Thread 0x0000027746032420 Exception <a 'jdk/internal/org/jline/terminal/impl/jna/LastErrorException'{0x00000006d5af3500}> (0x00000006d5af3500) 
thrown [s\open\src\hotspot\share\prims\jni.cpp, line 520]
Event: 2.015 Thread 0x0000027746032420 Exception <a 'java/lang/NoSuchMethodError'{0x00000006d510bb80}: 'int java.lang.invoke.DirectMethodHandle$Holder.invokeVirtual(java.lang.Object, java.lang.Object)'> (0x00000006d510bb80) 
thrown [s\open\src\hotspot\share\interpreter\linkResolver.cpp, line 774]
Event: 2.445 Thread 0x00000277460f0800 Exception <a 'java/lang/NoSuchMethodError'{0x00000006d3f6f2e8}: 'long java.lang.invoke.DirectMethodHandle$Holder.invokeSpecial(java.lang.Object, java.lang.Object)'> (0x00000006d3f6f2e8) 
thrown [s\open\src\hotspot\share\interpreter\linkResolver.cpp, line 774]
Event: 2.454 Thread 0x00000277460f0800 Exception <a 'java/lang/NoSuchMethodError'{0x00000006d3f79148}: 'long java.lang.invoke.DirectMethodHandle$Holder.invokeStatic(java.lang.Object, java.lang.Object)'> (0x00000006d3f79148) 
thrown [s\open\src\hotspot\share\interpreter\linkResolver.cpp, line 774]
Event: 2.455 Thread 0x00000277460f0800 Exception <a 'java/lang/NoSuchMethodError'{0x00000006d3f7c230}: 'long java.lang.invoke.DirectMethodHandle$Holder.invokeStaticInit(java.lang.Object, java.lang.Object)'> (0x00000006d3f7c230) 
thrown [s\open\src\hotspot\share\interpreter\linkResolver.cpp, line 774]
Event: 2.459 Thread 0x00000277460f0800 Exception <a 'java/lang/NoSuchMethodError'{0x00000006d3f88428}: 'long java.lang.invoke.DirectMethodHandle$Holder.invokeInterface(java.lang.Object, java.lang.Object)'> (0x00000006d3f88428) 
thrown [s\open\src\hotspot\share\interpreter\linkResolver.cpp, line 774]
Event: 2.459 Thread 0x00000277460f0800 Exception <a 'java/lang/IncompatibleClassChangeError'{0x00000006d3f8b438}: Found class java.lang.Object, but interface was expected> (0x00000006d3f8b438) 
thrown [s\open\src\hotspot\share\interpreter\linkResolver.cpp, line 841]
Event: 2.468 Thread 0x00000277460f0800 Exception <a 'java/lang/NoSuchMethodError'{0x00000006d3ff1d38}: 'java.lang.Object java.lang.invoke.DirectMethodHandle$Holder.invokeVirtual(java.lang.Object, java.lang.Object, java.lang.Object, java.lang.Object)'> (0x00000006d3ff1d38) 
thrown [s\open\src\hotspot\share\interpreter\linkResolver.cpp, line 774]
Event: 2.547 Thread 0x0000027746032420 Exception <a 'java/lang/NoSuchMethodError'{0x00000006d5a0a800}: 'int java.lang.invoke.DirectMethodHandle$Holder.invokeSpecial(java.lang.Object, java.lang.Object, java.lang.Object, java.lang.Object, java.lang.Object)'> (0x00000006d5a0a800) 
thrown [s\open\src\hotspot\share\interpreter\linkResolver.cpp, line 774]
Event: 2.552 Thread 0x0000027746032420 Exception <a 'java/lang/NoSuchMethodError'{0x00000006d5a12cf8}: 'void java.lang.invoke.DirectMethodHandle$Holder.invokeVirtual(java.lang.Object, java.lang.Object)'> (0x00000006d5a12cf8) 
thrown [s\open\src\hotspot\share\interpreter\linkResolver.cpp, line 774]
Event: 2.860 Thread 0x0000027746032420 Exception <a 'java/lang/IncompatibleClassChangeError'{0x00000006d522f6d0}: Found class java.lang.Object, but interface was expected> (0x00000006d522f6d0) 
thrown [s\open\src\hotspot\share\interpreter\linkResolver.cpp, line 841]

ZGC Phase Switch (0 events):
No events

VM Operations (20 events):
Event: 1.797 Executing VM operation: HandshakeAllThreads (Deoptimize)
Event: 1.797 Executing VM operation: HandshakeAllThreads (Deoptimize) done
Event: 1.797 Executing VM operation: HandshakeAllThreads (Deoptimize)
Event: 1.798 Executing VM operation: HandshakeAllThreads (Deoptimize) done
Event: 1.838 Executing VM operation: HandshakeAllThreads (Deoptimize)
Event: 1.839 Executing VM operation: HandshakeAllThreads (Deoptimize) done
Event: 2.153 Executing VM operation: HandshakeAllThreads (Deoptimize)
Event: 2.153 Executing VM operation: HandshakeAllThreads (Deoptimize) done
Event: 2.326 Executing VM operation: ICBufferFull
Event: 2.327 Executing VM operation: ICBufferFull done
Event: 2.383 Executing VM operation: HandshakeAllThreads (Deoptimize)
Event: 2.384 Executing VM operation: HandshakeAllThreads (Deoptimize) done
Event: 2.469 Executing VM operation: G1CollectForAllocation (G1 Evacuation Pause)
Event: 2.483 Executing VM operation: G1CollectForAllocation (G1 Evacuation Pause) done
Event: 2.499 Executing VM operation: HandshakeAllThreads (Deoptimize)
Event: 2.499 Executing VM operation: HandshakeAllThreads (Deoptimize) done
Event: 2.585 Executing VM operation: HandshakeAllThreads (Deoptimize)
Event: 2.586 Executing VM operation: HandshakeAllThreads (Deoptimize) done
Event: 2.707 Executing VM operation: HandshakeAllThreads (Deoptimize)
Event: 2.707 Executing VM operation: HandshakeAllThreads (Deoptimize) done

Events (19 events):
Event: 0.057 Thread 0x000002775828ab70 Thread added: 0x000002775828ab70
Event: 0.086 Thread 0x0000027777e1c250 Thread added: 0x0000027777e1c250
Event: 0.086 Thread 0x0000027777e1e020 Thread added: 0x0000027777e1e020
Event: 0.087 Thread 0x0000027777e1f840 Thread added: 0x0000027777e1f840
Event: 0.088 Thread 0x0000027777e222b0 Thread added: 0x0000027777e222b0
Event: 0.088 Thread 0x0000027777e23810 Thread added: 0x0000027777e23810
Event: 0.088 Thread 0x0000027777e24270 Thread added: 0x0000027777e24270
Event: 0.088 Thread 0x0000027777e25000 Thread added: 0x0000027777e25000
Event: 0.089 Thread 0x0000027777e48a00 Thread added: 0x0000027777e48a00
Event: 0.186 Thread 0x0000027777de2ed0 Thread added: 0x0000027777de2ed0
Event: 0.375 Thread 0x00000277453d8820 Thread added: 0x00000277453d8820
Event: 0.375 Thread 0x0000027745477300 Thread added: 0x0000027745477300
Event: 0.850 Thread 0x000002774566fef0 Thread added: 0x000002774566fef0
Event: 1.000 Thread 0x000002774603bbd0 Thread added: 0x000002774603bbd0
Event: 1.021 Thread 0x0000027746032420 Thread added: 0x0000027746032420
Event: 1.813 Thread 0x00000277460f0800 Thread added: 0x00000277460f0800
Event: 2.749 Thread 0x0000027746831940 Thread added: 0x0000027746831940
Event: 2.767 Thread 0x00000277460f0800 Thread exited: 0x00000277460f0800
Event: 2.827 Thread 0x0000027746831940 Thread exited: 0x0000027746831940


Dynamic libraries:
0x00007ff7a6af0000 - 0x00007ff7a6afe000 	C:\Users\LENOVO\.jdks\openjdk-22.0.1\bin\java.exe
0x00007ff9d84d0000 - 0x00007ff9d86c7000 	C:\Windows\SYSTEM32\ntdll.dll
0x00007ff9d7330000 - 0x00007ff9d73ed000 	C:\Windows\System32\KERNEL32.DLL
0x00007ff9d5e20000 - 0x00007ff9d6116000 	C:\Windows\System32\KERNELBASE.dll
0x00007ff9d5d20000 - 0x00007ff9d5e20000 	C:\Windows\System32\ucrtbase.dll
0x00007ff9c0360000 - 0x00007ff9c0377000 	C:\Users\LENOVO\.jdks\openjdk-22.0.1\bin\jli.dll
0x00007ff9d6530000 - 0x00007ff9d66ce000 	C:\Windows\System32\USER32.dll
0x00007ff9d5cf0000 - 0x00007ff9d5d12000 	C:\Windows\System32\win32u.dll
0x00007ff9d8460000 - 0x00007ff9d848c000 	C:\Windows\System32\GDI32.dll
0x00007ff9d62b0000 - 0x00007ff9d63ca000 	C:\Windows\System32\gdi32full.dll
0x00007ff9d6190000 - 0x00007ff9d622d000 	C:\Windows\System32\msvcp_win.dll
0x00007ff9c0340000 - 0x00007ff9c035b000 	C:\Users\LENOVO\.jdks\openjdk-22.0.1\bin\VCRUNTIME140.dll
0x00007ff9c4d90000 - 0x00007ff9c502a000 	C:\Windows\WinSxS\amd64_microsoft.windows.common-controls_6595b64144ccf1df_6.0.19041.3570_none_60bb2a3971f3e41a\COMCTL32.dll
0x00007ff9d73f0000 - 0x00007ff9d748e000 	C:\Windows\System32\msvcrt.dll
0x00007ff9d7860000 - 0x00007ff9d7890000 	C:\Windows\System32\IMM32.DLL
0x00007ff9d1470000 - 0x00007ff9d147c000 	C:\Users\LENOVO\.jdks\openjdk-22.0.1\bin\vcruntime140_1.dll
0x00007ff9adca0000 - 0x00007ff9add2e000 	C:\Users\LENOVO\.jdks\openjdk-22.0.1\bin\msvcp140.dll
0x00007ff994a60000 - 0x00007ff9957a7000 	C:\Users\LENOVO\.jdks\openjdk-22.0.1\bin\server\jvm.dll
0x00007ff9d8140000 - 0x00007ff9d81ee000 	C:\Windows\System32\ADVAPI32.dll
0x00007ff9d7a40000 - 0x00007ff9d7adc000 	C:\Windows\System32\sechost.dll
0x00007ff9d66e0000 - 0x00007ff9d6806000 	C:\Windows\System32\RPCRT4.dll
0x00007ff9d83f0000 - 0x00007ff9d845b000 	C:\Windows\System32\WS2_32.dll
0x00007ff9d5160000 - 0x00007ff9d51ab000 	C:\Windows\SYSTEM32\POWRPROF.dll
0x00007ff9bd460000 - 0x00007ff9bd487000 	C:\Windows\SYSTEM32\WINMM.dll
0x00007ff9c4070000 - 0x00007ff9c407a000 	C:\Windows\SYSTEM32\VERSION.dll
0x00007ff9d4fd0000 - 0x00007ff9d4fe2000 	C:\Windows\SYSTEM32\UMPDC.dll
0x00007ff9d4430000 - 0x00007ff9d4442000 	C:\Windows\SYSTEM32\kernel.appcore.dll
0x00007ff9c0330000 - 0x00007ff9c033a000 	C:\Users\LENOVO\.jdks\openjdk-22.0.1\bin\jimage.dll
0x00007ff9c05e0000 - 0x00007ff9c07c4000 	C:\Windows\SYSTEM32\DBGHELP.DLL
0x00007ff9bfce0000 - 0x00007ff9bfd14000 	C:\Windows\SYSTEM32\dbgcore.DLL
0x00007ff9d5bb0000 - 0x00007ff9d5c32000 	C:\Windows\System32\bcryptPrimitives.dll
0x00007ff9d1660000 - 0x00007ff9d166f000 	C:\Users\LENOVO\.jdks\openjdk-22.0.1\bin\instrument.dll
0x00007ff9c0310000 - 0x00007ff9c032e000 	C:\Users\LENOVO\.jdks\openjdk-22.0.1\bin\java.dll
0x00007ff9d6b40000 - 0x00007ff9d7284000 	C:\Windows\System32\SHELL32.dll
0x00007ff9d7fb0000 - 0x00007ff9d80db000 	C:\Windows\System32\ole32.dll
0x00007ff9d7490000 - 0x00007ff9d77e4000 	C:\Windows\System32\combase.dll
0x00007ff9d3c00000 - 0x00007ff9d439b000 	C:\Windows\SYSTEM32\windows.storage.dll
0x00007ff9d55f0000 - 0x00007ff9d561d000 	C:\Windows\SYSTEM32\Wldp.dll
0x00007ff9d82d0000 - 0x00007ff9d837d000 	C:\Windows\System32\SHCORE.dll
0x00007ff9d7ae0000 - 0x00007ff9d7b35000 	C:\Windows\System32\shlwapi.dll
0x00007ff9d5ae0000 - 0x00007ff9d5b05000 	C:\Windows\SYSTEM32\profapi.dll
0x00007ff9adbc0000 - 0x00007ff9adc97000 	C:\Users\LENOVO\.jdks\openjdk-22.0.1\bin\jsvml.dll
0x00007ff9adb40000 - 0x00007ff9adb57000 	C:\Users\LENOVO\.jdks\openjdk-22.0.1\bin\zip.dll
0x00007ff9adbb0000 - 0x00007ff9adbc0000 	C:\Users\LENOVO\.jdks\openjdk-22.0.1\bin\net.dll
0x00007ff9d5350000 - 0x00007ff9d53ba000 	C:\Windows\system32\mswsock.dll
0x00007ff9adb90000 - 0x00007ff9adba6000 	C:\Users\LENOVO\.jdks\openjdk-22.0.1\bin\nio.dll
0x00007ff9d1620000 - 0x00007ff9d163a000 	C:\Program Files\JetBrains\IntelliJ IDEA Community Edition 2024.1.4\bin\breakgen64.dll
0x00007ff9d02b0000 - 0x00007ff9d02b9000 	C:\Users\LENOVO\.jdks\openjdk-22.0.1\bin\extnet.dll
0x00007ff9d1650000 - 0x00007ff9d165a000 	C:\Users\LENOVO\.jdks\openjdk-22.0.1\bin\management.dll
0x00007ff9d1640000 - 0x00007ff9d164b000 	C:\Users\LENOVO\.jdks\openjdk-22.0.1\bin\management_ext.dll
0x00007ff9d66d0000 - 0x00007ff9d66d8000 	C:\Windows\System32\PSAPI.DLL
0x00007ff9d15f0000 - 0x00007ff9d15fb000 	C:\Users\LENOVO\.jdks\openjdk-22.0.1\bin\le.dll
0x00007ff9d15e0000 - 0x00007ff9d15ee000 	C:\Users\LENOVO\.jdks\openjdk-22.0.1\bin\sunmscapi.dll
0x00007ff9d63d0000 - 0x00007ff9d652d000 	C:\Windows\System32\CRYPT32.dll
0x00007ff9d5660000 - 0x00007ff9d5687000 	C:\Windows\SYSTEM32\ncrypt.dll
0x00007ff9d5620000 - 0x00007ff9d565b000 	C:\Windows\SYSTEM32\NTASN1.dll

dbghelp: loaded successfully - version: 4.0.5 - missing functions: none
symbol engine: initialized successfully - sym options: 0x614 - pdb path: .;C:\Users\LENOVO\.jdks\openjdk-22.0.1\bin;C:\Windows\SYSTEM32;C:\Windows\WinSxS\amd64_microsoft.windows.common-controls_6595b64144ccf1df_6.0.19041.3570_none_60bb2a3971f3e41a;C:\Users\LENOVO\.jdks\openjdk-22.0.1\bin\server;C:\Program Files\JetBrains\IntelliJ IDEA Community Edition 2024.1.4\bin

VM Arguments:
jvm_args: -javaagent:C:\Program Files\JetBrains\IntelliJ IDEA Community Edition 2024.1.4\lib\idea_rt.jar=49964:C:\Program Files\JetBrains\IntelliJ IDEA Community Edition 2024.1.4\bin -Dfile.encoding=UTF-8 -Dsun.stdout.encoding=UTF-8 -Dsun.stderr.encoding=UTF-8 
java_command: com.sakshi.springcoredemo.SpringcoredemoApplication
java_class_path (initial): C:\Users\LENOVO\Desktop\spring-boot-spring-core\02-Component Scanning\springcoredemo\target\classes;C:\Users\LENOVO\.m2\repository\org\springframework\boot\spring-boot-starter-web\3.3.1\spring-boot-starter-web-3.3.1.jar;C:\Users\LENOVO\.m2\repository\org\springframework\boot\spring-boot-starter\3.3.1\spring-boot-starter-3.3.1.jar;C:\Users\LENOVO\.m2\repository\org\springframework\boot\spring-boot-starter-logging\3.3.1\spring-boot-starter-logging-3.3.1.jar;C:\Users\LENOVO\.m2\repository\ch\qos\logback\logback-classic\1.5.6\logback-classic-1.5.6.jar;C:\Users\LENOVO\.m2\repository\ch\qos\logback\logback-core\1.5.6\logback-core-1.5.6.jar;C:\Users\LENOVO\.m2\repository\org\apache\logging\log4j\log4j-to-slf4j\2.23.1\log4j-to-slf4j-2.23.1.jar;C:\Users\LENOVO\.m2\repository\org\apache\logging\log4j\log4j-api\2.23.1\log4j-api-2.23.1.jar;C:\Users\LENOVO\.m2\repository\org\slf4j\jul-to-slf4j\2.0.13\jul-to-slf4j-2.0.13.jar;C:\Users\LENOVO\.m2\repository\jakarta\annotation\jakarta.annotation-api\2.1.1\jakarta.annotation-api-2.1.1.jar;C:\Users\LENOVO\.m2\repository\org\yaml\snakeyaml\2.2\snakeyaml-2.2.jar;C:\Users\LENOVO\.m2\repository\org\springframework\boot\spring-boot-starter-json\3.3.1\spring-boot-starter-json-3.3.1.jar;C:\Users\LENOVO\.m2\repository\com\fasterxml\jackson\core\jackson-databind\2.17.1\jackson-databind-2.17.1.jar;C:\Users\LENOVO\.m2\repository\com\fasterxml\jackson\core\jackson-annotations\2.17.1\jackson-annotations-2.17.1.jar;C:\Users\LENOVO\.m2\repository\com\fasterxml\jackson\core\jackson-core\2.17.1\jackson-core-2.17.1.jar;C:\Users\LENOVO\.m2\repository\com\fasterxml\jackson\datatype\jackson-datatype-jdk8\2.17.1\jackson-datatype-jdk8-2.17.1.jar;C:\Users\LENOVO\.m2\repository\com\fasterxml\jackson\datatype\jackson-datatype-jsr310\2.17.1\jackson-datatype-jsr310-2.17.1.jar;C:\Users\LENOVO\.m2\repository\com\fasterxml\jackson\module\jackson-module-parameter-names\2.17.1\jackson-module-parameter-names-2.17.1.jar;C:\Users\LENOVO\.m2\repository\org\springframework\boot\spring-boot-starter-tomcat\3.3.1\spring-boot-starter-tomcat-3.3.1.jar;C:\Users\LENOVO\.m2\repository\org\apache\tomcat\embed\tomcat-embed-core\10.1.25\tomcat-embed-core-10.1.25.jar;C:\Users\LENOVO\.m2\repository\org\apache\tomcat\embed\tomcat-embed-el\10.1.25\tomcat-embed-el-10.1.25.jar;C:\Users\LENOVO\.m2\repository\org\apache\tomcat\embed\tomcat-embed-websocket\10.1.25\tomcat-embed-websocket-10.1.25.jar;C:\Users\LENOVO\.m2\repository\org\springframework\spring-web\6.1.10\spring-web-6.1.10.jar;C:\Users\LENOVO\.m2\repository\org\springframework\spring-beans\6.1.10\spring-beans-6.1.10.jar;C:\Users\LENOVO\.m2\repository\io\micrometer\micrometer-observation\1.13.1\micrometer-observation-1.13.1.jar;C:\Users\LENOVO\.m2\repository\io\micrometer\micrometer-commons\1.13.1\micrometer-commons-1.13.1.jar;C:\Users\LENOVO\.m2\repository\org\springframework\spring-webmvc\6.1.10\spring-webmvc-6.1.10.jar;C:\Users\LENOVO\.m2\repository\org\springframework\spring-aop\6.1.10\spring-aop-6.1.10.jar;C:\Users\LENOVO\.m2\repository\org\springframework\spring-context\6.1.10\spring-context-6.1.10.jar;C:\Users\LENOVO\.m2\repository\org\springframework\spring-expression\6.1.10\spring-expression-6.1.10.jar;C:\Users\LENOVO\.m2\repository\org\springframework\boot\spring-boot-devtools\3.3.1\spring-boot-devtools-3.3.1.jar;C:\Users\LENOVO\.m2\repository\org\springframework\boot\spring-boot\3.3.1\spring-boot-3.3.1.jar;C:\Users\LENOVO\.m2\repository\org\springframework\boot\spring-boot-autoconfigure\3.3.1\spring-boot-autoconfigure-3.3.1.jar;C:\Users\LENOVO\.m2\repository\org\slf4j\slf4j-api\2.0.13\slf4j-api-2.0.13.jar;C:\Users\LENOVO\.m2\repository\org\springframework\spring-core\6.1.10\spring-core-6.1.10.jar;C:\Users\LENOVO\.m2\repository\org\springframework\spring-jcl\6.1.10\spring-jcl-6.1.10.jar
Launcher Type: SUN_STANDARD

[Global flags]
     intx CICompilerCount                          = 3                                         {product} {ergonomic}
     uint ConcGCThreads                            = 1                                         {product} {ergonomic}
     uint G1ConcRefinementThreads                  = 4                                         {product} {ergonomic}
   size_t G1HeapRegionSize                         = 4194304                                   {product} {ergonomic}
   size_t InitialHeapSize                          = 335544320                                 {product} {ergonomic}
   size_t MarkStackSize                            = 4194304                                   {product} {ergonomic}
   size_t MaxHeapSize                              = 5339348992                                {product} {ergonomic}
   size_t MaxNewSize                               = 3200253952                                {product} {ergonomic}
   size_t MinHeapDeltaBytes                        = 4194304                                   {product} {ergonomic}
   size_t MinHeapSize                              = 8388608                                   {product} {ergonomic}
    uintx NonNMethodCodeHeapSize                   = 5832780                                {pd product} {ergonomic}
    uintx NonProfiledCodeHeapSize                  = 122912730                              {pd product} {ergonomic}
     bool PerfDisableSharedMem                     = true                                      {product} {ergonomic}
    uintx ProfiledCodeHeapSize                     = 122912730                              {pd product} {ergonomic}
    uintx ReservedCodeCacheSize                    = 251658240                              {pd product} {ergonomic}
     bool SegmentedCodeCache                       = true                                      {product} {ergonomic}
   size_t SoftMaxHeapSize                          = 5339348992                             {manageable} {ergonomic}
     bool UseCompressedOops                        = true                           {product lp64_product} {ergonomic}
     bool UseG1GC                                  = true                                      {product} {ergonomic}
     bool UseLargePagesIndividualAllocation        = false                                  {pd product} {ergonomic}

Logging:
Log output configuration:
 #0: stdout all=warning uptime,level,tags foldmultilines=false
 #1: stderr all=off uptime,level,tags foldmultilines=false

Environment Variables:
PATH=C:\Program Files\Common Files\Oracle\Java\javapath;C:\Program Files (x86)\Common Files\Oracle\Java\javapath;C:\Windows\system32;C:\Windows;C:\Windows\System32\Wbem;C:\Windows\System32\WindowsPowerShell\v1.0\;C:\Windows\System32\OpenSSH\;C:\Program Files\Java\jdk-22\bin;C:\Users\LENOVO\AppData\Local\Programs\Python\Python312\Scripts\;C:\Users\LENOVO\AppData\Local\Programs\Python\Python312\;C:\Users\LENOVO\AppData\Local\Programs\Python\Launcher\;C:\Users\LENOVO\AppData\Local\Microsoft\WindowsApps;C:\Users\LENOVO\AppData\Local\Programs\Microsoft VS Code\bin;C:\Program Files\Java\jdk-17\bin;;C:\Program Files\JetBrains\IntelliJ IDEA Community Edition 2024.1.4\bin;
USERNAME=LENOVO
OS=Windows_NT
PROCESSOR_IDENTIFIER=Intel64 Family 6 Model 78 Stepping 3, GenuineIntel
TMP=C:\Users\LENOVO\AppData\Local\Temp
TEMP=C:\Users\LENOVO\AppData\Local\Temp




Periodic native trim disabled

---------------  S Y S T E M  ---------------

OS:
 Windows 10 , 64 bit Build 19041 (10.0.19041.3570)
OS uptime: 0 days 0:18 hours

CPU: total 4 (initial active 4) (2 cores per cpu, 2 threads per core) family 6 model 78 stepping 3 microcode 0xf0, cx8, cmov, fxsr, ht, mmx, 3dnowpref, sse, sse2, sse3, ssse3, sse4.1, sse4.2, popcnt, lzcnt, tsc, tscinvbit, avx, avx2, aes, erms, clmul, bmi1, bmi2, rtm, adx, fma, vzeroupper, clflush, clflushopt, rdtscp, f16c
Processor Information for all 4 processors :
  Max Mhz: 2496, Current Mhz: 2396, Mhz Limit: 2396

Memory: 4k page, system-wide physical 20355M (14622M free)
TotalPageFile size 23427M (AvailPageFile size 16736M)
current process WorkingSet (physical memory assigned to process): 127M, peak: 132M
current process commit charge ("private bytes"): 445M, peak: 450M

vm_info: OpenJDK 64-Bit Server VM (22.0.1+8-16) for windows-amd64 JRE (22.0.1+8-16), built on 2024-03-12T10:33:16Z by "mach5one" with MS VC++ 17.6 (VS2022)

END.
